<?xml version="1.0" encoding="UTF-8"?>
<testng-results skipped="0" failed="0" ignored="0" total="1" passed="1">
  <reporter-output>
  </reporter-output>
  <suite name="Default suite" duration-ms="9541" started-at="2019-02-22T18:17:14Z" finished-at="2019-02-22T18:17:24Z">
    <groups>
    </groups>
    <test name="Default test" duration-ms="9541" started-at="2019-02-22T18:17:14Z" finished-at="2019-02-22T18:17:24Z">
      <class name="Script.Demo">
        <test-method status="PASS" signature="setup()[pri:0, instance:Script.Demo@5f2108b5]" name="setup" is-config="true" duration-ms="4601" started-at="2019-02-22T18:17:14Z" finished-at="2019-02-22T18:17:19Z">
          <reporter-output>
          </reporter-output>
        </test-method> <!-- setup -->
        <test-method status="PASS" signature="test()[pri:0, instance:Script.Demo@5f2108b5]" name="test" duration-ms="4671" started-at="2019-02-22T18:17:19Z" finished-at="2019-02-22T18:17:24Z">
          <reporter-output>
          </reporter-output>
        </test-method> <!-- test -->
        <test-method status="PASS" signature="teardown()[pri:0, instance:Script.Demo@5f2108b5]" name="teardown" is-config="true" duration-ms="213" started-at="2019-02-22T18:17:24Z" finished-at="2019-02-22T18:17:24Z">
          <reporter-output>
          </reporter-output>
        </test-method> <!-- teardown -->
      </class> <!-- Script.Demo -->
    </test> <!-- Default test -->
  </suite> <!-- Default suite -->
</testng-results>
