<?xml version="1.0" encoding="UTF-8"?>
<testng-results skipped="0" failed="0" ignored="0" total="1" passed="1">
  <reporter-output>
  </reporter-output>
  <suite name="Default suite" duration-ms="80406" started-at="2019-02-21T17:59:43Z" finished-at="2019-02-21T18:01:04Z">
    <groups>
    </groups>
    <test name="Default test" duration-ms="80406" started-at="2019-02-21T17:59:43Z" finished-at="2019-02-21T18:01:04Z">
      <class name="Script.Demo">
        <test-method status="PASS" signature="setup()[pri:0, instance:Script.Demo@73ad2d6]" name="setup" is-config="true" duration-ms="43906" started-at="2019-02-21T17:59:43Z" finished-at="2019-02-21T18:00:27Z">
          <reporter-output>
          </reporter-output>
        </test-method> <!-- setup -->
        <test-method status="PASS" signature="test()[pri:0, instance:Script.Demo@73ad2d6]" name="test" duration-ms="36265" started-at="2019-02-21T18:00:27Z" finished-at="2019-02-21T18:01:03Z">
          <reporter-output>
          </reporter-output>
        </test-method> <!-- test -->
        <test-method status="PASS" signature="teardown()[pri:0, instance:Script.Demo@73ad2d6]" name="teardown" is-config="true" duration-ms="191" started-at="2019-02-21T18:01:03Z" finished-at="2019-02-21T18:01:04Z">
          <reporter-output>
          </reporter-output>
        </test-method> <!-- teardown -->
      </class> <!-- Script.Demo -->
    </test> <!-- Default test -->
  </suite> <!-- Default suite -->
</testng-results>
